-- The C compiler identification is GNU 11.4.0
-- The CXX compiler identification is GNU 11.4.0
-- Detecting C compiler ABI info
-- Detecting C compiler ABI info - done
-- Check for working C compiler: /usr/bin/cc - skipped
-- Detecting C compile features
-- Detecting C compile features - done
-- Detecting CXX compiler ABI info
-- Detecting CXX compiler ABI info - done
-- Check for working CXX compiler: /usr/bin/c++ - skipped
-- Detecting CXX compile features
-- Detecting CXX compile features - done
-- Configuring done
-- Generating done
-- Build files have been written to: /home/unix/Desktop/DevOps/sqlite-amalgamation-3260000/build
[ 16%] Building C object CMakeFiles/sqlite3.dir/sqlite3.c.o
[ 33%] Building C object CMakeFiles/sqlite3.dir/shell.c.o
[ 50%] Linking C shared library libsqlite3.so
[ 50%] Built target sqlite3
[ 66%] Building C object CMakeFiles/sqlite3_cli.dir/shell.c.o
[ 83%] Building C object CMakeFiles/sqlite3_cli.dir/sqlite3.c.o
[100%] Linking C executable sqlite3_cli
/usr/bin/ld: cannot find -lreadline: No such file or directory
/usr/bin/ld: cannot find -lncurses: No such file or directory
collect2: error: ld returned 1 exit status
make[2]: *** [CMakeFiles/sqlite3_cli.dir/build.make:114: sqlite3_cli] Error 1
make[1]: *** [CMakeFiles/Makefile2:111: CMakeFiles/sqlite3_cli.dir/all] Error 2
make: *** [Makefile:136: all] Error 2
